生成启动时间为 2014/10/19 9:42:50。
     1>项目“D:\pdf\PW_3D\PW_3D\PW_3D\PW_3D.vcxproj”在节点 2 上(Build 个目标)。
     1>ClCompile:
         D:\vs2013\VC\bin\CL.exe /c /Zi /nologo /W3 /WX- /O2 /Oi /Oy- /GL /D WIN32 /D NDEBUG /D _WINDOWS /D _MBCS /Gm- /EHsc /MD /GS /Gy /fp:precise /Zc:wchar_t /Zc:forScope /Fo"Release\\" /Fd"Release\vc120.pdb" /Gd /TP /analyze- /errorReport:prompt PW_3DDevice.cpp
         PW_3DDevice.cpp
     1>PW_3DDevice.cpp(75): warning C4996: 'sprintf': This function or variable may be unsafe. Consider using sprintf_s instead. To disable deprecation, use _CRT_SECURE_NO_WARNINGS. See online help for details.
                 D:\vs2013\VC\include\stdio.h(356) : 参见“sprintf”的声明
     1>PW_3DDevice.cpp(221): warning C4244: “初始化”: 从“PW_INT”转换到“PW_FLOAT”，可能丢失数据
     1>PW_3DDevice.cpp(222): warning C4244: “初始化”: 从“PW_INT”转换到“PW_FLOAT”，可能丢失数据
     1>PW_3DDevice.cpp(223): warning C4244: “初始化”: 从“PW_INT”转换到“PW_FLOAT”，可能丢失数据
     1>PW_3DDevice.cpp(363): warning C4244: “初始化”: 从“PW_FLOAT”转换到“int”，可能丢失数据
     1>PW_3DDevice.cpp(390): warning C4244: “初始化”: 从“PW_INT”转换到“PW_FLOAT”，可能丢失数据
     1>PW_3DDevice.cpp(391): warning C4244: “初始化”: 从“PW_INT”转换到“PW_FLOAT”，可能丢失数据
     1>PW_3DDevice.cpp(392): warning C4244: “初始化”: 从“PW_INT”转换到“PW_FLOAT”，可能丢失数据
     1>PW_3DDevice.cpp(393): warning C4244: “初始化”: 从“PW_INT”转换到“PW_FLOAT”，可能丢失数据
     1>PW_3DDevice.cpp(394): warning C4244: “初始化”: 从“PW_INT”转换到“PW_FLOAT”，可能丢失数据
     1>PW_3DDevice.cpp(395): warning C4244: “初始化”: 从“PW_INT”转换到“PW_FLOAT”，可能丢失数据
     1>PW_3DDevice.cpp(419): warning C4244: “=”: 从“int”转换到“PW_FLOAT”，可能丢失数据
     1>PW_3DDevice.cpp(420): warning C4244: “=”: 从“int”转换到“PW_FLOAT”，可能丢失数据
     1>PW_3DDevice.cpp(422): warning C4244: “=”: 从“int”转换到“PW_FLOAT”，可能丢失数据
     1>PW_3DDevice.cpp(423): warning C4244: “=”: 从“int”转换到“PW_FLOAT”，可能丢失数据
     1>PW_3DDevice.cpp(428): warning C4244: “=”: 从“int”转换到“PW_FLOAT”，可能丢失数据
     1>PW_3DDevice.cpp(432): warning C4244: “=”: 从“int”转换到“PW_FLOAT”，可能丢失数据
     1>PW_3DDevice.cpp(469): warning C4244: “初始化”: 从“PW_INT”转换到“PW_FLOAT”，可能丢失数据
     1>PW_3DDevice.cpp(470): warning C4244: “初始化”: 从“PW_INT”转换到“PW_FLOAT”，可能丢失数据
     1>PW_3DDevice.cpp(471): warning C4244: “初始化”: 从“PW_INT”转换到“PW_FLOAT”，可能丢失数据
     1>PW_3DDevice.cpp(472): warning C4244: “初始化”: 从“PW_INT”转换到“PW_FLOAT”，可能丢失数据
     1>PW_3DDevice.cpp(473): warning C4244: “初始化”: 从“PW_INT”转换到“PW_FLOAT”，可能丢失数据
     1>PW_3DDevice.cpp(474): warning C4244: “初始化”: 从“PW_INT”转换到“PW_FLOAT”，可能丢失数据
     1>PW_3DDevice.cpp(479): warning C4244: “初始化”: 从“PW_FLOAT”转换到“int”，可能丢失数据
     1>PW_3DDevice.cpp(495): warning C4244: “=”: 从“int”转换到“PW_FLOAT”，可能丢失数据
     1>PW_3DDevice.cpp(499): warning C4244: “=”: 从“int”转换到“PW_FLOAT”，可能丢失数据
       Link:
         D:\vs2013\VC\bin\link.exe /ERRORREPORT:PROMPT /OUT:"D:\pdf\PW_3D\PW_3D\Release\PW_3D.exe" /INCREMENTAL:NO /NOLOGO kernel32.lib user32.lib gdi32.lib winspool.lib comdlg32.lib advapi32.lib shell32.lib ole32.lib oleaut32.lib uuid.lib odbc32.lib odbccp32.lib /MANIFEST /MANIFESTUAC:"level='asInvoker' uiAccess='false'" /manifest:embed /DEBUG /PDB:"D:\pdf\PW_3D\PW_3D\Release\PW_3D.pdb" /SUBSYSTEM:WINDOWS /OPT:REF /OPT:ICF /LTCG /TLBID:1 /DYNAMICBASE /NXCOMPAT /IMPLIB:"D:\pdf\PW_3D\PW_3D\Release\PW_3D.lib" /MACHINE:X86 /SAFESEH Release\PW_3D.res
         Release\PW_3D.obj
         Release\PW_3DDevice.obj
         Release\PW_Math.obj
         Release\stdafx.obj
         正在生成代码
         已完成代码的生成
         PW_3D.vcxproj -> D:\pdf\PW_3D\PW_3D\Release\PW_3D.exe
     1>已完成生成项目“D:\pdf\PW_3D\PW_3D\PW_3D\PW_3D.vcxproj”(Build 个目标)的操作。

生成成功。

已用时间 00:00:01.21
