d:\pdf\pw_3d\pw_3d\pw_3d\debug\pw_3d.pch
d:\pdf\pw_3d\pw_3d\pw_3d\debug\vc120.pdb
d:\pdf\pw_3d\pw_3d\pw_3d\debug\vc120.idb
d:\pdf\pw_3d\pw_3d\pw_3d\debug\stdafx.obj
d:\pdf\pw_3d\pw_3d\pw_3d\debug\pw_3d.obj
d:\pdf\pw_3d\pw_3d\pw_3d\debug\pw_3ddevice.obj
d:\pdf\pw_3d\pw_3d\pw_3d\debug\pw_math.obj
d:\pdf\pw_3d\pw_3d\pw_3d\debug\pw_obj.obj
d:\pdf\pw_3d\pw_3d\pw_3d\debug\pw_camera.obj
d:\pdf\pw_3d\pw_3d\debug\pw_3d.exe
d:\pdf\pw_3d\pw_3d\debug\pw_3d.pdb
d:\pdf\pw_3d\pw_3d\pw_3d\debug\pw_3d.res
d:\pdf\pw_3d\pw_3d\pw_3d\debug\pw_3d.tlog\cl.command.1.tlog
d:\pdf\pw_3d\pw_3d\pw_3d\debug\pw_3d.tlog\cl.read.1.tlog
d:\pdf\pw_3d\pw_3d\pw_3d\debug\pw_3d.tlog\cl.write.1.tlog
d:\pdf\pw_3d\pw_3d\pw_3d\debug\pw_3d.tlog\link.command.1.tlog
d:\pdf\pw_3d\pw_3d\pw_3d\debug\pw_3d.tlog\link.read.1.tlog
d:\pdf\pw_3d\pw_3d\pw_3d\debug\pw_3d.tlog\link.write.1.tlog
d:\pdf\pw_3d\pw_3d\pw_3d\debug\pw_3d.tlog\rc.command.1.tlog
d:\pdf\pw_3d\pw_3d\pw_3d\debug\pw_3d.tlog\rc.read.1.tlog
d:\pdf\pw_3d\pw_3d\pw_3d\debug\pw_3d.tlog\rc.write.1.tlog
